Arguments: 
  C:\Program Files\nodejs\node.exe C:\Users\pete\.yarn\releases\yarn-1.22.10.cjs init

PATH: 
  C:\Users\pete\bin;C:\Program Files\Git\mingw64\bin;C:\Program Files\Git\usr\local\bin;C:\Program Files\Git\usr\bin;C:\Program Files\Git\usr\bin;C:\Program Files\Git\mingw64\bin;C:\Program Files\Git\usr\bin;C:\Users\pete\bin;C:\Windows\system32;C:\Windows;C:\Windows\System32\Wbem;C:\Windows\System32\WindowsPowerShell\v1.0;C:\Program Files\Git\cmd;C:\Program Files\nodejs;C:\Users\pete\AppData\Local\Programs\Microsoft VS Code\bin;C:\Users\pete\AppData\Local\GitHubDesktop\bin;C:\Users\pete\AppData\Local\hyper\app-3.0.2\resources\bin;C:\Users\pete\AppData\Roaming\npm;C:\Program Files\heroku\bin;C:\Program Files\Git\usr\bin\vendor_perl;C:\Program Files\Git\usr\bin\core_perl

Yarn version: 
  1.22.10

Node version: 
  12.18.3

Platform: 
  win32 x64

Trace: 
  Error: Can't answer a question unless a user TTY
      at ConsoleReporter.question (C:\Users\pete\.yarn\releases\yarn-1.22.10.cjs:104019:29)
      at Object.<anonymous> (C:\Users\pete\.yarn\releases\yarn-1.22.10.cjs:97163:38)
      at Generator.next (<anonymous>)
      at step (C:\Users\pete\.yarn\releases\yarn-1.22.10.cjs:310:30)
      at C:\Users\pete\.yarn\releases\yarn-1.22.10.cjs:321:13

npm manifest: 
  No manifest

yarn manifest: 
  No manifest

Lockfile: 
  # THIS IS AN AUTOGENERATED FILE. DO NOT EDIT THIS FILE DIRECTLY.
  # yarn lockfile v1
